<?xml version="1.0" encoding="UTF-8"?>
<testsuite name="org.example.UserTest" tests="1" skipped="0" failures="0" errors="0" timestamp="2023-08-31T10:15:48" hostname="itaehun-ui-MacBookPro.local" time="0.021">
  <properties/>
  <testcase name="올바른 패스워드 초기화 여부를 판단한다." classname="org.example.UserTest" time="0.021"/>
  <system-out><![CDATA[]]></system-out>
  <system-err><![CDATA[]]></system-err>
</testsuite>
